cp: cannot stat ‘../gen_per/per71’: No such file or directory
Note lattice constant: 3.507700
Number interaction: 1
2
Number interaction: 2
2
Number interaction: 3
1
Number interaction: 4
1
Number interaction: 5
2
Number interaction: 6
2
Number interaction: 7
1
Number interaction: 8
2
Number interaction: 9
2
Number interaction: 10
1
Number interaction: 11
1
Number interaction: 12
2
Number interaction: 13
1
Number interaction: 14
1
Number interaction: 15
1
Number interaction: 16
1
Number interaction: 17
1
Number interaction: 18
2
Number interaction: 19
1
Number interaction: 20
1
Number interaction: 21
1
Number interaction: 22
1
Number interaction: 23
1
Number interaction: 24
1
Number interaction: 25
1
Number interaction: 26
2
Number interaction: 27
1
Number interaction: 28
1
Number interaction: 29
1
Number interaction: 30
1
Number interaction: 31
1
Number interaction: 32
2
Number interaction: 33
1
Number interaction: 34
2
Number interaction: 35
1
Number interaction: 36
2
Number interaction: 37
1
Number interaction: 38
1
Number interaction: 39
2
Number interaction: 40
2
Number interaction: 41
1
Number interaction: 42
1
Number interaction: 43
2
Number interaction: 44
1
Number interaction: 45
1
Number interaction: 46
1
Number interaction: 47
1
Number interaction: 48
2
Number interaction: 49
2
Number interaction: 50
1
Number interaction: 51
2
Number interaction: 52
1
Number interaction: 53
1
Number interaction: 54
2
Number interaction: 55
1
Number interaction: 56
1
Number interaction: 57
2
Number interaction: 58
1
Number interaction: 59
1
Number interaction: 60
1
Number interaction: 61
1
Number interaction: 62
2
Number interaction: 63
1
Number interaction: 64
2
Number interaction: 65
2
Number interaction: 66
1
Number interaction: 67
1
Number interaction: 68
2
Number interaction: 69
1
Number interaction: 70
2
Number interaction: 71
2
Number interaction: 72
1
Number interaction: 73
1
Number interaction: 74
1
Number interaction: 75
1
Number interaction: 76
1
Number interaction: 77
1
Number interaction: 78
1
Number interaction: 79
1
Number interaction: 80
1
Number interaction: 81
1
Number interaction: 82
1
Number interaction: 83
1
Number interaction: 84
1
Number interaction: 85
1
Number interaction: 86
1
Number interaction: 87
1
Number interaction: 88
1
Number interaction: 89
1
Number interaction: 90
1
Number interaction: 91
2
Number interaction: 92
1
Number interaction: 93
1
Number interaction: 94
1
Number interaction: 95
2
Number interaction: 96
1
Number interaction: 97
1
Number interaction: 98
1
Number interaction: 99
1
Number interaction: 100
1
Number interaction: 101
1
Number interaction: 102
1
Number interaction: 103
1
Number interaction: 104
1
Number interaction: 105
1
Number interaction: 106
1
Number interaction: 107
1
Number interaction: 108
1
Number interaction: 109
2
Number interaction: 110
1
Number interaction: 111
2
Number interaction: 112
1
Number interaction: 113
1
Number interaction: 114
1
Number interaction: 115
1
Number interaction: 116
1
Number interaction: 117
1
Number interaction: 118
2
Number interaction: 119
1
Number interaction: 120
1
Number interaction: 121
1
Number interaction: 122
1
Number interaction: 123
1
Number interaction: 124
2
Number interaction: 125
1
Number interaction: 126
1
Number interaction: 127
1
Number interaction: 128
2
Number interaction: 129
1
Number interaction: 130
1
Number interaction: 131
2
Number interaction: 132
1
Number interaction: 133
2
Number interaction: 134
2
Number interaction: 135
1
Number interaction: 136
1
Number interaction: 137
1
Number interaction: 138
2
Number interaction: 139
1
Number interaction: 140
1
Number interaction: 141
2
Number interaction: 142
1
Number interaction: 143
1
Number interaction: 144
2
Number interaction: 145
2
Number interaction: 146
1
Number interaction: 147
1
Number interaction: 148
1
Number interaction: 149
2
Number interaction: 150
1
Number interaction: 151
2
Number interaction: 152
2
Number interaction: 153
2
Number interaction: 154
2
Number interaction: 155
2
Number interaction: 156
1
Number interaction: 157
1
Number interaction: 158
2
Number interaction: 159
2
Number interaction: 160
1
Number interaction: 161
1
Number interaction: 162
1
Number interaction: 163
1
Number interaction: 164
1
Number interaction: 165
1
Number interaction: 166
2
Number interaction: 167
2
Number interaction: 168
2
Number interaction: 169
1
Number interaction: 170
2
Number interaction: 171
2
Number interaction: 172
1
Number interaction: 173
1
Number interaction: 174
2
Number interaction: 175
1
Number interaction: 176
2
Number interaction: 177
1
Number interaction: 178
1
Number interaction: 179
1
Number interaction: 180
1
Number interaction: 181
1
Number interaction: 182
1
Number interaction: 183
1
Number interaction: 184
1
Number interaction: 185
2
Number interaction: 186
2
Number interaction: 187
2
Number interaction: 188
1
Number interaction: 189
2
Number interaction: 190
1
Number interaction: 191
1
Number interaction: 192
1
Number interaction: 193
1
Number interaction: 194
1
Number interaction: 195
1
Number interaction: 196
1
Number interaction: 197
1
Number interaction: 198
1
Number interaction: 199
2
Number interaction: 200
2
Number interaction: 201
2
Number interaction: 202
1
Number interaction: 203
2
Number interaction: 204
1
Number interaction: 205
1
Number interaction: 206
1
Number interaction: 207
2
Number interaction: 208
1
Number interaction: 209
1
Number interaction: 210
1
Number interaction: 211
1
Number interaction: 212
1
Number interaction: 213
2
Number interaction: 214
1
Number interaction: 215
1
Number interaction: 216
1
Number interaction: 217
2
Number interaction: 218
2
Number interaction: 219
1
Number interaction: 220
1
Number interaction: 221
1
Number interaction: 222
1
Number interaction: 223
2
Number interaction: 224
1
Number interaction: 225
1
Number interaction: 226
1
Number interaction: 227
1
Number interaction: 228
1
Number interaction: 229
1
Number interaction: 230
1
Number interaction: 231
1
Number interaction: 232
1
Number interaction: 233
2
Number interaction: 234
2
Number interaction: 235
1
Number interaction: 236
1
Number interaction: 237
1
Number interaction: 238
2
Number interaction: 239
1
Number interaction: 240
1
Number interaction: 241
1
Number interaction: 242
1
Number interaction: 243
1
Number interaction: 244
1
Number interaction: 245
1
Number interaction: 246
2
Number interaction: 247
1
Number interaction: 248
2
Number interaction: 249
1
Number interaction: 250
1
Number interaction: 251
1
Number interaction: 252
1
Number interaction: 253
1
Number interaction: 254
1
Number interaction: 255
1
Number interaction: 256
1
Number interaction: 257
1
Number interaction: 258
2
Number interaction: 259
1
Number interaction: 260
1
Number interaction: 261
1
Number interaction: 262
2
Number interaction: 263
2
Number interaction: 264
1
Number interaction: 265
2
Number interaction: 266
1
Number interaction: 267
1
Number interaction: 268
1
Number interaction: 269
1
Number interaction: 270
2
Number interaction: 271
1
Number interaction: 272
1
Number interaction: 273
1
Number interaction: 274
1
Number interaction: 275
1
Number interaction: 276
2
Number interaction: 277
2
Number interaction: 278
1
Number interaction: 279
1
Number interaction: 280
1
Number interaction: 281
1
Number interaction: 282
2
Number interaction: 283
2
Number interaction: 284
1
Number interaction: 285
1
Number interaction: 286
1
Number interaction: 287
1
Number interaction: 288
1
Number interaction: 289
1
Number interaction: 290
2
Number interaction: 291
1
Number interaction: 292
2
Number interaction: 293
1
Number interaction: 294
2
Number interaction: 295
1
Number interaction: 296
2
Number interaction: 297
1
Number interaction: 298
1
Number interaction: 299
2
Number interaction: 300
2
Number interaction: 301
1
Number interaction: 302
1
Number interaction: 303
1
Number interaction: 304
1
Number interaction: 305
1
Number interaction: 306
1
Number interaction: 307
2
Number interaction: 308
1
Number interaction: 309
1
Number interaction: 310
1
Number interaction: 311
2
Number interaction: 312
2
Number interaction: 313
1
Number interaction: 314
1
Number interaction: 315
2
Number interaction: 316
1
Number interaction: 317
1
Number interaction: 318
1
Number interaction: 319
1
Number interaction: 320
1
Number interaction: 321
1
Number interaction: 322
2
Number interaction: 323
1
Number interaction: 324
2
Number interaction: 325
1
Number interaction: 326
1
Number interaction: 327
1
Number interaction: 328
1
Number interaction: 329
1
Number interaction: 330
1
Number interaction: 331
2
Number interaction: 332
1
Number interaction: 333
1
Number interaction: 334
1
Number interaction: 335
1
Number interaction: 336
1
Number interaction: 337
2
Number interaction: 338
2
Number interaction: 339
1
Number interaction: 340
1
Number interaction: 341
1
Number interaction: 342
1
Number interaction: 343
1
Number interaction: 344
1
Number interaction: 345
2
Number interaction: 346
2
Number interaction: 347
1
Number interaction: 348
1
Number interaction: 349
1
Number interaction: 350
1
Number interaction: 351
1
Number interaction: 352
2
Number interaction: 353
1
Number interaction: 354
2
Number interaction: 355
1
Number interaction: 356
1
Number interaction: 357
2
Number interaction: 358
2
Number interaction: 359
1
Number interaction: 360
2
Number interaction: 361
1
Number interaction: 362
1
Number interaction: 363
1
Number interaction: 364
1
Number interaction: 365
1
Number interaction: 366
1
Number interaction: 367
1
Number interaction: 368
1
Number interaction: 369
1
Number interaction: 370
1
Number interaction: 371
1
Number interaction: 372
1
Number interaction: 373
2
Number interaction: 374
1
Number interaction: 375
1
Number interaction: 376
1
Number interaction: 377
2
Number interaction: 378
1
Number interaction: 379
1
Number interaction: 380
1
Number interaction: 381
2
Number interaction: 382
1
Number interaction: 383
1
Number interaction: 384
2
Number interaction: 385
1
Number interaction: 386
1
Number interaction: 387
1
Number interaction: 388
2
Number interaction: 389
1
Number interaction: 390
2
Number interaction: 391
1
Number interaction: 392
1
Number interaction: 393
2
Number interaction: 394
2
Number interaction: 395
1
Number interaction: 396
1
Number interaction: 397
2
Number interaction: 398
1
Number interaction: 399
2
Number interaction: 400
1
Number interaction: 401
1
Number interaction: 402
1
Number interaction: 403
1
Number interaction: 404
1
Number interaction: 405
1
Number interaction: 406
1
Number interaction: 407
2
Number interaction: 408
2
Number interaction: 409
1
Number interaction: 410
1
Number interaction: 411
1
Number interaction: 412
1
Number interaction: 413
2
Number interaction: 414
1
Number interaction: 415
1
Number interaction: 416
1
Number interaction: 417
1
Number interaction: 418
1
Number interaction: 419
2
Number interaction: 420
1
Number interaction: 421
1
Number interaction: 422
2
Number interaction: 423
1
Number interaction: 424
1
Number interaction: 425
1
Number interaction: 426
2
Number interaction: 427
1
Number interaction: 428
2
Number interaction: 429
1
Number interaction: 430
1
Number interaction: 431
1
Number interaction: 432
1
Number interaction: 433
1
Number interaction: 434
1
Number interaction: 435
1
Number interaction: 436
1
Number interaction: 437
1
Number interaction: 438
1
Number interaction: 439
1
Number interaction: 440
2
Number interaction: 441
1
Number interaction: 442
1
Number interaction: 443
1
Number interaction: 444
1
Number interaction: 445
2
Number interaction: 446
1
Number interaction: 447
1
Number interaction: 448
1
Number interaction: 449
2
Number interaction: 450
1
Number interaction: 451
1
Number interaction: 452
1
Number interaction: 453
1
Number interaction: 454
1
Number interaction: 455
2
Number interaction: 456
2
Number interaction: 457
1
Number interaction: 458
2
Number interaction: 459
2
Number interaction: 460
1
Number interaction: 461
2
Number interaction: 462
1
Number interaction: 463
1
Number interaction: 464
1
Number interaction: 465
2
Number interaction: 466
1
Number interaction: 467
1
Number interaction: 468
1
Number interaction: 469
1
Number interaction: 470
1
Number interaction: 471
1
Number interaction: 472
1
Number interaction: 473
2
Number interaction: 474
2
Number interaction: 475
1
Number interaction: 476
2
Number interaction: 477
1
Number interaction: 478
1
Number interaction: 479
2
Number interaction: 480
1
Number interaction: 481
2
Number interaction: 482
1
Number interaction: 483
1
Number interaction: 484
2
Number interaction: 485
1
Number interaction: 486
1
Number interaction: 487
2
Number interaction: 488
1
Number interaction: 489
2
Number interaction: 490
1
Number interaction: 491
2
Number interaction: 492
2
Number interaction: 493
1
Number interaction: 494
1
Number interaction: 495
1
Number interaction: 496
1
Number interaction: 497
2
Number interaction: 498
2
Number interaction: 499
2
Number interaction: 500
2
Number interaction: 501
1
Number interaction: 502
1
Number interaction: 503
2
Number interaction: 504
1
Number interaction: 505
1
Number interaction: 506
1
Number interaction: 507
1
Number interaction: 508
2
Number interaction: 509
1
Number interaction: 510
1
Number interaction: 511
1
Number interaction: 512
2
Number interaction: 513
2
Number interaction: 514
2
Number interaction: 515
1
Number interaction: 516
1
Number interaction: 517
1
Number interaction: 518
1
Number interaction: 519
1
Number interaction: 520
1
Number interaction: 521
1
Number interaction: 522
1
Number interaction: 523
1
Number interaction: 524
2
Number interaction: 525
1
Number interaction: 526
2
Number interaction: 527
1
Number interaction: 528
2
Number interaction: 529
2
Number interaction: 530
1
Number interaction: 531
2
Number interaction: 532
1
Number interaction: 533
1
Number interaction: 534
2
Number interaction: 535
2
Number interaction: 536
2
Number interaction: 537
1
Number interaction: 538
2
Number interaction: 539
2
Number interaction: 540
2
Number interaction: 541
1
Number interaction: 542
1
Number interaction: 543
1
Number interaction: 544
1
Number interaction: 545
1
Number interaction: 546
1
Number interaction: 547
2
Number interaction: 548
1
Number interaction: 549
1
Number interaction: 550
1
Number interaction: 551
2
Number interaction: 552
1
Number interaction: 553
1
Number interaction: 554
1
Number interaction: 555
1
Number interaction: 556
1
Number interaction: 557
1
Number interaction: 558
1
Number interaction: 559
1
Number interaction: 560
1
Number interaction: 561
1
Number interaction: 562
2
Number interaction: 563
1
Number interaction: 564
1
Number interaction: 565
2
Number interaction: 566
2
Number interaction: 567
1
Number interaction: 568
1
Number interaction: 569
2
Number interaction: 570
1
Number interaction: 571
1
Number interaction: 572
1
Number interaction: 573
1
Number interaction: 574
2
Number interaction: 575
1
Number interaction: 576
2
Number interaction: 577
1
Number interaction: 578
2
Number interaction: 579
1
Number interaction: 580
1
Number interaction: 581
1
Number interaction: 582
1
Number interaction: 583
1
Number interaction: 584
2
Number interaction: 585
1
Number interaction: 586
1
Number interaction: 587
1
Number interaction: 588
2
Number interaction: 589
2
Number interaction: 590
1
Number interaction: 591
2
Number interaction: 592
1
Number interaction: 593
2
Number interaction: 594
1
Number interaction: 595
1
Number interaction: 596
1
Number interaction: 597
1
Number interaction: 598
1
Number interaction: 599
1
Number interaction: 600
2
Number interaction: 601
1
Number interaction: 602
1
Number interaction: 603
1
Number interaction: 604
1
Number interaction: 605
1
Number interaction: 606
2
Number interaction: 607
2
Number interaction: 608
1
Number interaction: 609
1
Number interaction: 610
1
Number interaction: 611
1
Number interaction: 612
1
Number interaction: 613
1
Number interaction: 614
2
Number interaction: 615
1
Number interaction: 616
2
Number interaction: 617
2
Number interaction: 618
1
Number interaction: 619
1
Number interaction: 620
2
Number interaction: 621
1
Number interaction: 622
1
Number interaction: 623
1
Number interaction: 624
1
Number interaction: 625
1
Number interaction: 626
1
Number interaction: 627
1
Number interaction: 628
2
Number interaction: 629
1
Number interaction: 630
1
Number interaction: 631
2
Number interaction: 632
1
Number interaction: 633
1
Number interaction: 634
1
Number interaction: 635
2
Number interaction: 636
2
Number interaction: 637
1
Number interaction: 638
2
Number interaction: 639
2
Number interaction: 640
1
Number interaction: 641
2
Number interaction: 642
1
Number interaction: 643
1
Number interaction: 644
2
Number interaction: 645
1
Number interaction: 646
2
Number interaction: 647
1
Number interaction: 648
1
Number interaction: 649
2
Number interaction: 650
2
Number interaction: 651
1
Number interaction: 652
1
Number interaction: 653
2
Number interaction: 654
1
Number interaction: 655
1
Number interaction: 656
1
Number interaction: 657
1
Number interaction: 658
1
Number interaction: 659
2
Number interaction: 660
2
Number interaction: 661
2
Number interaction: 662
1
Number interaction: 663
1
Number interaction: 664
1
Number interaction: 665
2
Number interaction: 666
2
Number interaction: 667
1
Number interaction: 668
1
Number interaction: 669
2
Number interaction: 670
2
Number interaction: 671
1
Number interaction: 672
1
Number interaction: 673
2
Number interaction: 674
1
Number interaction: 675
1
Number interaction: 676
1
Number interaction: 677
1
Number interaction: 678
1
Number interaction: 679
1
Number interaction: 680
2
Number interaction: 681
1
Number interaction: 682
1
Number interaction: 683
1
Number interaction: 684
1
Number interaction: 685
2
Number interaction: 686
1
Number interaction: 687
1
Number interaction: 688
2
Number interaction: 689
2
Number interaction: 690
1
Number interaction: 691
2
Number interaction: 692
2
Number interaction: 693
1
Number interaction: 694
1
Number interaction: 695
2
Number interaction: 696
1
Number interaction: 697
1
Number interaction: 698
1
Number interaction: 699
1
Number interaction: 700
2
Number interaction: 701
1
Number interaction: 702
1
Number interaction: 703
1
Number interaction: 704
1
Number interaction: 705
2
Number interaction: 706
2
Number interaction: 707
2
Number interaction: 708
1
Number interaction: 709
1
Number interaction: 710
2
Number interaction: 711
2
Number interaction: 712
2
Number interaction: 713
1
Number interaction: 714
1
Number interaction: 715
1
Number interaction: 716
1
Number interaction: 717
2
Number interaction: 718
2
Number interaction: 719
1
Number interaction: 720
1
Number interaction: 721
1
Number interaction: 722
2
Number interaction: 723
1
Number interaction: 724
1
Number interaction: 725
1
Number interaction: 726
1
Number interaction: 727
1
Number interaction: 728
1
Number interaction: 729
1
Number interaction: 730
2
Number interaction: 731
1
Number interaction: 732
1
Number interaction: 733
1
Number interaction: 734
1
Number interaction: 735
1
Number interaction: 736
1
Number interaction: 737
1
Number interaction: 738
2
Number interaction: 739
1
Number interaction: 740
2
Number interaction: 741
1
Number interaction: 742
1
Number interaction: 743
1
Number interaction: 744
1
Number interaction: 745
1
Number interaction: 746
1
Number interaction: 747
1
Number interaction: 748
2
Number interaction: 749
1
Number interaction: 750
1
Number interaction: 751
1
Number interaction: 752
1
Number interaction: 753
1
Number interaction: 754
1
Number interaction: 755
2
Number interaction: 756
1
Number interaction: 757
1
Number interaction: 758
1
Number interaction: 759
1
Number interaction: 760
1
Number interaction: 761
1
Number interaction: 762
2
Number interaction: 763
1
Number interaction: 764
1
Number interaction: 765
1
Number interaction: 766
1
Number interaction: 767
2
Number interaction: 768
2
Number interaction: 769
1
Number interaction: 770
1
Number interaction: 771
2
Number interaction: 772
1
Number interaction: 773
1
Number interaction: 774
1
Number interaction: 775
1
Number interaction: 776
2
Number interaction: 777
1
Number interaction: 778
1
Number interaction: 779
1
Number interaction: 780
2
Number interaction: 781
1
Number interaction: 782
1
Number interaction: 783
1
Number interaction: 784
2
Number interaction: 785
2
Number interaction: 786
1
Number interaction: 787
1
Number interaction: 788
1
Number interaction: 789
1
Number interaction: 790
1
Number interaction: 791
1
Number interaction: 792
1
Number interaction: 793
1
Number interaction: 794
1
Number interaction: 795
1
Number interaction: 796
2
Number interaction: 797
2
Number interaction: 798
1
Number interaction: 799
2
Number interaction: 800
1
Number interaction: 801
1
Number interaction: 802
1
Number interaction: 803
1
Number interaction: 804
1
Number interaction: 805
1
Number interaction: 806
1
Number interaction: 807
1
Number interaction: 808
1
Number interaction: 809
1
Number interaction: 810
1
Number interaction: 811
2
Number interaction: 812
1
Number interaction: 813
1
Number interaction: 814
2
Number interaction: 815
2
Number interaction: 816
1
Number interaction: 817
1
Number interaction: 818
1
Number interaction: 819
1
Number interaction: 820
1
Number interaction: 821
2
Number interaction: 822
1
Number interaction: 823
2
Number interaction: 824
1
Number interaction: 825
1
Number interaction: 826
2
Number interaction: 827
1
Number interaction: 828
1
Number interaction: 829
1
Number interaction: 830
1
Number interaction: 831
1
Number interaction: 832
2
Number interaction: 833
2
Number interaction: 834
2
Number interaction: 835
2
Number interaction: 836
2
Number interaction: 837
2
Number interaction: 838
1
Number interaction: 839
2
Number interaction: 840
1
Number interaction: 841
1
Number interaction: 842
1
Number interaction: 843
1
Number interaction: 844
2
Number interaction: 845
1
Number interaction: 846
1
Number interaction: 847
1
Number interaction: 848
1
Number interaction: 849
1
Number interaction: 850
1
Number interaction: 851
1
Number interaction: 852
1
Number interaction: 853
1
Number interaction: 854
1
Number interaction: 855
1
Number interaction: 856
2
Number interaction: 857
1
Number interaction: 858
2
Number interaction: 859
1
Number interaction: 860
2
Number interaction: 861
1
Number interaction: 862
1
Number interaction: 863
2
Number interaction: 864
2
Number interaction: 865
2
Number interaction: 866
2
Number interaction: 867
1
Number interaction: 868
2
Number interaction: 869
1
Number interaction: 870
2
Number interaction: 871
1
Number interaction: 872
1
Number interaction: 873
2
Number interaction: 874
1
Number interaction: 875
1
Number interaction: 876
1
Number interaction: 877
2
Number interaction: 878
2
Number interaction: 879
1
Number interaction: 880
1
Number interaction: 881
1
Number interaction: 882
2
Number interaction: 883
1
Number interaction: 884
1
Number interaction: 885
1
Number interaction: 886
2
Number interaction: 887
1
Number interaction: 888
1
Number interaction: 889
1
Number interaction: 890
1
Number interaction: 891
1
Number interaction: 892
1
Number interaction: 893
1
Number interaction: 894
2
Number interaction: 895
2
Number interaction: 896
2
Number interaction: 897
2
Number interaction: 898
1
Number interaction: 899
2
Number interaction: 900
1
Number interaction: 901
1
Number interaction: 902
1
Number interaction: 903
1
Number interaction: 904
1
Number interaction: 905
1
Number interaction: 906
1
Number interaction: 907
2
Number interaction: 908
1
Number interaction: 909
1
Number interaction: 910
1
Number interaction: 911
1
Number interaction: 912
1
Number interaction: 913
2
Number interaction: 914
1
Number interaction: 915
2
Number interaction: 916
2
Number interaction: 917
1
Number interaction: 918
1
Number interaction: 919
1
Number interaction: 920
1
Number interaction: 921
1
Number interaction: 922
1
Number interaction: 923
1
Number interaction: 924
2
Number interaction: 925
1
Number interaction: 926
1
Number interaction: 927
1
Number interaction: 928
2
Number interaction: 929
2
Number interaction: 930
1
Number interaction: 931
2
Number interaction: 932
1
Number interaction: 933
1
Number interaction: 934
1
Number interaction: 935
1
Number interaction: 936
2
Number interaction: 937
2
Number interaction: 938
1
Number interaction: 939
1
Number interaction: 940
1
Number interaction: 941
2
Number interaction: 942
2
Number interaction: 943
1
Number interaction: 944
1
Number interaction: 945
2
Number interaction: 946
2
Number interaction: 947
1
Number interaction: 948
2
Number interaction: 949
1
Number interaction: 950
1
Number interaction: 951
1
Number interaction: 952
1
Number interaction: 953
1
Number interaction: 954
1
Number interaction: 955
1
Number interaction: 956
1
Number interaction: 957
1
Number interaction: 958
1
Number interaction: 959
2
Number interaction: 960
1
Number interaction: 961
1
Number interaction: 962
1
Number interaction: 963
1
Number interaction: 964
1
Number interaction: 965
1
Number interaction: 966
1
Number interaction: 967
1
Number interaction: 968
2
Number interaction: 969
1
Number interaction: 970
1
Number interaction: 971
1
Number interaction: 972
1
Number interaction: 973
1
Number interaction: 974
1
Number interaction: 975
2
Number interaction: 976
1
Number interaction: 977
1
Number interaction: 978
1
Number interaction: 979
2
Number interaction: 980
2
Number interaction: 981
1
Number interaction: 982
1
Number interaction: 983
1
Number interaction: 984
1
Number interaction: 985
1
Number interaction: 986
1
Number interaction: 987
1
Number interaction: 988
2
Number interaction: 989
2
Number interaction: 990
2
Number interaction: 991
1
Number interaction: 992
1
Number interaction: 993
2
Number interaction: 994
1
Number interaction: 995
2
Number interaction: 996
1
Number interaction: 997
1
Number interaction: 998
1
Number interaction: 999
2
Number interaction: 1000
1
Number interaction: 1001
1
Number interaction: 1002
2
Number interaction: 1003
1
Number interaction: 1004
2
Number interaction: 1005
1
Number interaction: 1006
1
Number interaction: 1007
2
Number interaction: 1008
1
Number interaction: 1009
1
Number interaction: 1010
1
Number interaction: 1011
1
Number interaction: 1012
1
Number interaction: 1013
2
Number interaction: 1014
2
Number interaction: 1015
1
Number interaction: 1016
1
Number interaction: 1017
2
Number interaction: 1018
1
Number interaction: 1019
1
Number interaction: 1020
2
Number interaction: 1021
1
Number interaction: 1022
1
Number interaction: 1023
1
Number interaction: 1024
1
Number interaction: 1025
1
Number interaction: 1026
1
Number interaction: 1027
2
Number interaction: 1028
1
Number interaction: 1029
1
Number interaction: 1030
2
Number interaction: 1031
1
Number interaction: 1032
2
Number interaction: 1033
1
Number interaction: 1034
1
Number interaction: 1035
2
Number interaction: 1036
1
Number interaction: 1037
1
Number interaction: 1038
1
Number interaction: 1039
2
Number interaction: 1040
1
Number interaction: 1041
1
Number interaction: 1042
1
Number interaction: 1043
1
Number interaction: 1044
2
Number interaction: 1045
1
Number interaction: 1046
2
Number interaction: 1047
2
Number interaction: 1048
2
Number interaction: 1049
1
Number interaction: 1050
1
Number interaction: 1051
1
Number interaction: 1052
1
Number interaction: 1053
2
Number interaction: 1054
1
Number interaction: 1055
2
Number interaction: 1056
1
Number interaction: 1057
1
Number interaction: 1058
1
Number interaction: 1059
1
Number interaction: 1060
1
Number interaction: 1061
2
Number interaction: 1062
1
Number interaction: 1063
2
Number interaction: 1064
1
Number interaction: 1065
1
Number interaction: 1066
1
Number interaction: 1067
1
Number interaction: 1068
2
Number interaction: 1069
2
Number interaction: 1070
1
Number interaction: 1071
1
Number interaction: 1072
2
Number interaction: 1073
2
Number interaction: 1074
1
Number interaction: 1075
1
Number interaction: 1076
1
Number interaction: 1077
2
Number interaction: 1078
2
Number interaction: 1079
1
Number interaction: 1080
1
Number interaction: 1081
2
Number interaction: 1082
1
Number interaction: 1083
1
Number interaction: 1084
2
Number interaction: 1085
1
Number interaction: 1086
1
Number interaction: 1087
1
Number interaction: 1088
2
Number interaction: 1089
2
Number interaction: 1090
2
Number interaction: 1091
1
Number interaction: 1092
1
Number interaction: 1093
2
Number interaction: 1094
2
Number interaction: 1095
1
Number interaction: 1096
2
Number interaction: 1097
2
Number interaction: 1098
1
Number interaction: 1099
1
Number interaction: 1100
2
Number interaction: 1101
1
Number interaction: 1102
1
Number interaction: 1103
1
Number interaction: 1104
1
Number interaction: 1105
1
Number interaction: 1106
2
Number interaction: 1107
1
Number interaction: 1108
1
Number interaction: 1109
1
Number interaction: 1110
1
Number interaction: 1111
1
Number interaction: 1112
1
Number interaction: 1113
1
Number interaction: 1114
1
Number interaction: 1115
1
Number interaction: 1116
1
Number interaction: 1117
1
Number interaction: 1118
1
Number interaction: 1119
1
Number interaction: 1120
1
Number interaction: 1121
1
Number interaction: 1122
1
Number interaction: 1123
1
Number interaction: 1124
1
Number interaction: 1125
1
Number interaction: 1126
1
Number interaction: 1127
1
Number interaction: 1128
1
Number interaction: 1129
1
Number interaction: 1130
1
Number interaction: 1131
1
Number interaction: 1132
2
Number interaction: 1133
1
Number interaction: 1134
2
Number interaction: 1135
1
Number interaction: 1136
1
Number interaction: 1137
1
Number interaction: 1138
1
Number interaction: 1139
1
Number interaction: 1140
1
Number interaction: 1141
1
Number interaction: 1142
1
Number interaction: 1143
2
Number interaction: 1144
2
Number interaction: 1145
1
Number interaction: 1146
1
Number interaction: 1147
2
Number interaction: 1148
1
Number interaction: 1149
2
Number interaction: 1150
1
Number interaction: 1151
1
Number interaction: 1152
1
Number interaction: 1153
1
Number interaction: 1154
2
Number interaction: 1155
1
Number interaction: 1156
1
Number interaction: 1157
1
Number interaction: 1158
1
Number interaction: 1159
1
Number interaction: 1160
1
Number interaction: 1161
1
Number interaction: 1162
1
Number interaction: 1163
1
Number interaction: 1164
1
Number interaction: 1165
1
Number interaction: 1166
2
Number interaction: 1167
1
Number interaction: 1168
1
Number interaction: 1169
1
Number interaction: 1170
1
Number interaction: 1171
1
Number interaction: 1172
1
Number interaction: 1173
1
Number interaction: 1174
1
Number interaction: 1175
1
Number interaction: 1176
1
Number interaction: 1177
1
Number interaction: 1178
2
Number interaction: 1179
1
Number interaction: 1180
2
Number interaction: 1181
1
Number interaction: 1182
1
Number interaction: 1183
1
Number interaction: 1184
2
Number interaction: 1185
2
Number interaction: 1186
1
Number interaction: 1187
1
Number interaction: 1188
1
Number interaction: 1189
2
Number interaction: 1190
1
Number interaction: 1191
1
Number interaction: 1192
1
Number interaction: 1193
2
Number interaction: 1194
1
Number interaction: 1195
1
Number interaction: 1196
1
Number interaction: 1197
1
Number interaction: 1198
1
Number interaction: 1199
1
Number interaction: 1200
2
Number interaction: 1201
1
Number interaction: 1202
1
Number interaction: 1203
1
Number interaction: 1204
1
Number interaction: 1205
1
Number interaction: 1206
1
Number interaction: 1207
1
Number interaction: 1208
2
Number interaction: 1209
2
Number interaction: 1210
1
Number interaction: 1211
2
Number interaction: 1212
1
Number interaction: 1213
1
Number interaction: 1214
1
Number interaction: 1215
2
Number interaction: 1216
2
Number interaction: 1217
2
Number interaction: 1218
1
Number interaction: 1219
2
Number interaction: 1220
1
Number interaction: 1221
1
Number interaction: 1222
1
Number interaction: 1223
2
Number interaction: 1224
1
Number interaction: 1225
1
Number interaction: 1226
1
Number interaction: 1227
2
Number interaction: 1228
1
Number interaction: 1229
1
Number interaction: 1230
1
Number interaction: 1231
1
Number interaction: 1232
1
Number interaction: 1233
1
Number interaction: 1234
1
Number interaction: 1235
2
Number interaction: 1236
1
Number interaction: 1237
2
Number interaction: 1238
1
Number interaction: 1239
2
Number interaction: 1240
2
Number interaction: 1241
2
Number interaction: 1242
1
Number interaction: 1243
1
Number interaction: 1244
1
Number interaction: 1245
1
Number interaction: 1246
2
Number interaction: 1247
2
Number interaction: 1248
1
Number interaction: 1249
1
Number interaction: 1250
1
Number interaction: 1251
2
Number interaction: 1252
1
Number interaction: 1253
2
Number interaction: 1254
1
Number interaction: 1255
1
Number interaction: 1256
2
Number interaction: 1257
1
Number interaction: 1258
1
Number interaction: 1259
2
Number interaction: 1260
1
Number interaction: 1261
2
Number interaction: 1262
1
Number interaction: 1263
1
Number interaction: 1264
1
Number interaction: 1265
1
Number interaction: 1266
1
Number interaction: 1267
1
Number interaction: 1268
2
Number interaction: 1269
1
Number interaction: 1270
1
Number interaction: 1271
2
Number interaction: 1272
2
Number interaction: 1273
1
Number interaction: 1274
2
Number interaction: 1275
1
Number interaction: 1276
1
Number interaction: 1277
1
Number interaction: 1278
1
Number interaction: 1279
1
Number interaction: 1280
2
Number interaction: 1281
1
Number interaction: 1282
2
Number interaction: 1283
1
Number interaction: 1284
1
Number interaction: 1285
1
Number interaction: 1286
1
Number interaction: 1287
1
Number interaction: 1288
1
Number interaction: 1289
1
Number interaction: 1290
1
Number interaction: 1291
2
Number interaction: 1292
1
Number interaction: 1293
1
Number interaction: 1294
1
Number interaction: 1295
1
Number interaction: 1296
1
Number interaction: 1297
1
Number interaction: 1298
1
Number interaction: 1299
1
Number interaction: 1300
1
Number interaction: 1301
1
Number interaction: 1302
1
Number interaction: 1303
2
Number interaction: 1304
1
Number interaction: 1305
1
Number interaction: 1306
1
Number interaction: 1307
1
Number interaction: 1308
1
Number interaction: 1309
1
Number interaction: 1310
2
Number interaction: 1311
1
Number interaction: 1312
2
Number interaction: 1313
1
Number interaction: 1314
1
Number interaction: 1315
2
Number interaction: 1316
1
Number interaction: 1317
1
Number interaction: 1318
1
Number interaction: 1319
1
Number interaction: 1320
1
Number interaction: 1321
1
Number interaction: 1322
1
Number interaction: 1323
2
Number interaction: 1324
2
Number interaction: 1325
2
slurmstepd: error: *** JOB 10010 ON hpc-mne-node005 CANCELLED AT 2022-04-29T14:45:56 ***
